2025-03-22 00:12:28,715 [INFO] Activator:176 - 


2025-03-22 00:12:28,715 [INFO] Activator:177 - !SESSION log4j initialized
2025-03-22 00:12:34,678 [INFO] LogOutputStream:77 - [STDOUT_REDIRECT] 
2025-03-22 00:12:38,408 [INFO] ApplicationProperties:184 - Using Application install path: C:\ST\STM32CubeIDE_1.16.0\STM32CubeIDE\plugins\com.st.stm32cube.common.mx_6.14.0.202502271554
2025-03-22 00:12:38,439 [INFO] DbMcusXml:78 - Set database path to: C:\ST\STM32CubeIDE_1.16.0\STM32CubeIDE\plugins\com.st.stm32cube.common.mx_6.14.0.202502271554\\db\/mcu/
2025-03-22 00:12:38,440 [INFO] ApiDb:274 - Set plugin database path to: C:\ST\STM32CubeIDE_1.16.0\STM32CubeIDE\plugins\com.st.stm32cube.common.mx_6.14.0.202502271554\\db\/plugins/boardmanager/
2025-03-22 00:12:38,441 [WARN] ApiDb:259 - Overriding images path with different value:  => C:\ST\STM32CubeIDE_1.16.0\STM32CubeIDE\plugins\com.st.stm32cube.common.mx_6.14.0.202502271554\\db\/plugins/mcufinder/images/
2025-03-22 00:12:38,453 [INFO] ApiDb:250 - Set database path to: C:\Users\marco\.stmcufinder\plugins\mcufinder//mcu/
2025-03-22 00:12:38,455 [INFO] DbMcusAds:125 - Set database path to: C:\Users\marco\.stmcufinder\plugins\mcufinder//mcu/
2025-03-22 00:12:38,458 [INFO] CrossReferenceDbSqlite:203 - Set database path to: C:\Users\marco\.stmcufinder\plugins\mcufinder//mcu/cs/
2025-03-22 00:12:38,652 [INFO] RulesReader:64 - Compatibility file has been processed (301 Rules)
2025-03-22 00:12:38,829 [INFO] DbMcusXml:78 - Set database path to: C:\ST\STM32CubeIDE_1.16.0\STM32CubeIDE\plugins\com.st.stm32cube.common.mx_6.14.0.202502271554\\db\/mcu/
2025-03-22 00:12:38,830 [INFO] ApiDb:274 - Set plugin database path to: C:\ST\STM32CubeIDE_1.16.0\STM32CubeIDE\plugins\com.st.stm32cube.common.mx_6.14.0.202502271554\\db\/plugins/boardmanager/
2025-03-22 00:12:38,830 [INFO] ApiDb:261 - Set plugin images path to: C:\ST\STM32CubeIDE_1.16.0\STM32CubeIDE\plugins\com.st.stm32cube.common.mx_6.14.0.202502271554\\db\/plugins/mcufinder/images/
2025-03-22 00:12:38,831 [WARN] DbFile:41 - Overriding database path with different value: C:\Users\marco\.stmcufinder\plugins\mcufinder/ => C:\Users\marco\.stmcufinder\plugins\mcufinder
2025-03-22 00:12:38,831 [INFO] ApiDb:250 - Set database path to: C:\Users\marco\.stmcufinder\plugins\mcufinder//mcu/
2025-03-22 00:12:38,832 [WARN] DbFile:41 - Overriding database path with different value: C:\Users\marco\.stmcufinder\plugins\mcufinder/ => C:\Users\marco\.stmcufinder\plugins\mcufinder
2025-03-22 00:12:38,832 [INFO] DbMcusAds:125 - Set database path to: C:\Users\marco\.stmcufinder\plugins\mcufinder//mcu/
2025-03-22 00:12:38,832 [WARN] DbFile:41 - Overriding database path with different value: C:\Users\marco\.stmcufinder\plugins\mcufinder/ => C:\Users\marco\.stmcufinder\plugins\mcufinder
2025-03-22 00:12:38,832 [WARN] DbFile:41 - Overriding database path with different value: C:\Users\marco\.stmcufinder\plugins\mcufinder/ => C:\Users\marco\.stmcufinder\plugins\mcufinder
2025-03-22 00:12:38,832 [INFO] CrossReferenceDbSqlite:203 - Set database path to: C:\Users\marco\.stmcufinder\plugins\mcufinder//mcu/cs/
2025-03-22 00:12:38,992 [INFO] MainPanel:272 - HeapMemory: 268435456
2025-03-22 00:12:39,229 [INFO] DbMcusXml:78 - Set database path to: C:\ST\STM32CubeIDE_1.16.0\STM32CubeIDE\plugins\com.st.stm32cube.common.mx_6.14.0.202502271554\\db\/mcu/
2025-03-22 00:12:39,230 [INFO] ApiDb:274 - Set plugin database path to: C:\ST\STM32CubeIDE_1.16.0\STM32CubeIDE\plugins\com.st.stm32cube.common.mx_6.14.0.202502271554\\db\/plugins/boardmanager/
2025-03-22 00:12:39,230 [INFO] ApiDb:261 - Set plugin images path to: C:\ST\STM32CubeIDE_1.16.0\STM32CubeIDE\plugins\com.st.stm32cube.common.mx_6.14.0.202502271554\\db\/plugins/mcufinder/images/
2025-03-22 00:12:39,231 [WARN] DbFile:41 - Overriding database path with different value: C:\Users\marco\.stmcufinder\plugins\mcufinder/ => C:\Users\marco\.stmcufinder\plugins\mcufinder
2025-03-22 00:12:39,231 [INFO] ApiDb:250 - Set database path to: C:\Users\marco\.stmcufinder\plugins\mcufinder//mcu/
2025-03-22 00:12:39,232 [WARN] DbFile:41 - Overriding database path with different value: C:\Users\marco\.stmcufinder\plugins\mcufinder/ => C:\Users\marco\.stmcufinder\plugins\mcufinder
2025-03-22 00:12:39,232 [INFO] DbMcusAds:125 - Set database path to: C:\Users\marco\.stmcufinder\plugins\mcufinder//mcu/
2025-03-22 00:12:39,232 [WARN] DbFile:41 - Overriding database path with different value: C:\Users\marco\.stmcufinder\plugins\mcufinder/ => C:\Users\marco\.stmcufinder\plugins\mcufinder
2025-03-22 00:12:39,232 [WARN] DbFile:41 - Overriding database path with different value: C:\Users\marco\.stmcufinder\plugins\mcufinder/ => C:\Users\marco\.stmcufinder\plugins\mcufinder
2025-03-22 00:12:39,233 [INFO] CrossReferenceDbSqlite:203 - Set database path to: C:\Users\marco\.stmcufinder\plugins\mcufinder//mcu/cs/
2025-03-22 00:12:39,269 [INFO] ApplicationProperties:184 - Using Application install path: C:\ST\STM32CubeIDE_1.16.0\STM32CubeIDE\plugins\com.st.stm32cube.common.mx_6.14.0.202502271554
2025-03-22 00:12:39,272 [INFO] PluginManage:196 - Search for loadable plugins [exclusion list=, ]
2025-03-22 00:12:39,275 [INFO] PluginManage:310 - Check plugin analytics
2025-03-22 00:12:39,622 [INFO] AnalyticsPlugin:253 - Accepted Software Licenses: 
2025-03-22 00:12:39,623 [INFO] AnalyticsPlugin:255 - Accepted CMSIS Pack Licenses: 
2025-03-22 00:12:39,624 [INFO] AnalyticsPlugin:257 - Accepted Firmware Licenses: FW.F4.1.28.0
2025-03-22 00:12:39,630 [INFO] PluginManage:359 - Loaded plugin analytics (category:tool,tabindex:-1)
2025-03-22 00:12:39,630 [INFO] PluginManage:310 - Check plugin cadmodel
2025-03-22 00:12:39,639 [INFO] CADModel:105 - Init CAD model plugin
2025-03-22 00:12:39,640 [INFO] PluginManage:359 - Loaded plugin cadmodel (category:power,tabindex:5)
2025-03-22 00:12:39,640 [INFO] PluginManage:310 - Check plugin clock
2025-03-22 00:12:39,656 [INFO] PluginManage:359 - Loaded plugin clock (category:base,tabindex:2)
2025-03-22 00:12:39,656 [INFO] PluginManage:310 - Check plugin ddr
2025-03-22 00:12:39,662 [INFO] PluginManage:359 - Loaded plugin ddr (category:tool,tabindex:6)
2025-03-22 00:12:39,662 [INFO] PluginManage:310 - Check plugin filemanager
2025-03-22 00:12:39,902 [INFO] PluginManage:359 - Loaded plugin filemanager (category:base,tabindex:10)
2025-03-22 00:12:39,902 [INFO] PluginManage:310 - Check plugin ipmanager
2025-03-22 00:12:39,914 [INFO] PluginManage:359 - Loaded plugin ipmanager (category:base,tabindex:5)
2025-03-22 00:12:39,914 [INFO] PluginManage:310 - Check plugin lpbam
2025-03-22 00:12:39,926 [INFO] PluginManage:359 - Loaded plugin lpbam (category:base,tabindex:0)
2025-03-22 00:12:39,926 [INFO] PluginManage:310 - Check plugin memorymap
2025-03-22 00:12:39,949 [INFO] PluginManage:359 - Loaded plugin memorymap (category:base,tabindex:4)
2025-03-22 00:12:39,949 [INFO] PluginManage:310 - Check plugin pinoutandconfiguration
2025-03-22 00:12:39,960 [INFO] PluginManage:359 - Loaded plugin pinoutandconfiguration (category:base,tabindex:1)
2025-03-22 00:12:39,960 [INFO] PluginManage:310 - Check plugin pinoutconfig
2025-03-22 00:12:40,099 [WARN] SupportedApi:132 - Cannot load RTOS API schema: s4s-elt-must-match.1: The content of 'definitions' must match (annotation?, (simpleType | complexType)?, (unique | key | keyref)*)). A problem was found starting at: attribute.
2025-03-22 00:12:40,306 [INFO] PluginManage:359 - Loaded plugin pinoutconfig (category:base,tabindex:0)
2025-03-22 00:12:40,306 [INFO] PluginManage:310 - Check plugin power
2025-03-22 00:12:40,319 [INFO] PluginManage:359 - Loaded plugin power (category:power,tabindex:4)
2025-03-22 00:12:40,319 [INFO] PluginManage:310 - Check plugin projectmanager
2025-03-22 00:12:40,342 [INFO] PluginManage:359 - Loaded plugin projectmanager (category:projectmanager,tabindex:4)
2025-03-22 00:12:40,342 [INFO] PluginManage:310 - Check plugin rif
2025-03-22 00:12:40,351 [INFO] PluginManage:359 - Loaded plugin rif (category:base,tabindex:3)
2025-03-22 00:12:40,352 [INFO] PluginManage:310 - Check plugin thirdparty
2025-03-22 00:12:40,560 [INFO] PluginManage:359 - Loaded plugin thirdparty (category:base,tabindex:-1)
2025-03-22 00:12:40,561 [INFO] PluginManage:310 - Check plugin tools
2025-03-22 00:12:40,560 [WARN] IntegrityCheckThread:84 - waiting for thirdparty lock release [integrity check]
2025-03-22 00:12:40,561 [INFO] IntegrityCheckThread:86 - entering critical section [integrity check]
2025-03-22 00:12:40,562 [INFO] ThirdPartyUpdaterWithRetryManager:70 - Updater plugin not ready yet. [1/15]
2025-03-22 00:12:40,565 [INFO] PluginManage:359 - Loaded plugin tools (category:base,tabindex:7)
2025-03-22 00:12:40,566 [INFO] PluginManage:310 - Check plugin tutovideos
2025-03-22 00:12:40,872 [INFO] PluginManage:359 - Loaded plugin tutovideos (category:base,tabindex:-1)
2025-03-22 00:12:40,873 [INFO] PluginManage:310 - Check plugin updater
2025-03-22 00:12:40,914 [INFO] PluginManage:359 - Loaded plugin updater (category:base,tabindex:12)
2025-03-22 00:12:40,915 [INFO] PluginManage:310 - Check plugin userauth
2025-03-22 00:12:40,923 [INFO] UserAuth:118 - Init User Auth plugin
2025-03-22 00:12:40,925 [INFO] PluginManage:359 - Loaded plugin userauth (category:base,tabindex:14)
2025-03-22 00:12:40,927 [INFO] PluginManage:283 - PluginManage : Loaded plugins [18]
2025-03-22 00:12:41,301 [INFO] PinOutPanel:1589 - setPackage(No Configuration,No Configuration)
2025-03-22 00:12:41,435 [INFO] CADModel:165 - CPN selected for project level
2025-03-22 00:12:41,435 [INFO] CADModel:114 - Register for checkConnection events
2025-03-22 00:12:41,464 [INFO] IPUIPlugin:80 - create IPUIPlugin
2025-03-22 00:12:41,465 [INFO] PluginManager:220 - loadIPPluginJar : add adc
2025-03-22 00:12:41,471 [INFO] IPUIPlugin:80 - create IPUIPlugin
2025-03-22 00:12:41,471 [INFO] PluginManager:220 - loadIPPluginJar : add aes
2025-03-22 00:12:41,476 [INFO] IPUIPlugin:80 - create IPUIPlugin
2025-03-22 00:12:41,476 [INFO] PluginManager:220 - loadIPPluginJar : add can
2025-03-22 00:12:41,479 [INFO] IPUIPlugin:80 - create IPUIPlugin
2025-03-22 00:12:41,480 [INFO] PluginManager:220 - loadIPPluginJar : add comp
2025-03-22 00:12:41,484 [INFO] IPUIPlugin:80 - create IPUIPlugin
2025-03-22 00:12:41,484 [INFO] PluginManager:220 - loadIPPluginJar : add cryp
2025-03-22 00:12:41,489 [INFO] IPUIPlugin:80 - create IPUIPlugin
2025-03-22 00:12:41,490 [INFO] PluginManager:220 - loadIPPluginJar : add ddr_ctrl_phy
2025-03-22 00:12:41,495 [INFO] IPUIPlugin:80 - create IPUIPlugin
2025-03-22 00:12:41,495 [INFO] PluginManager:220 - loadIPPluginJar : add dfsdm
2025-03-22 00:12:41,506 [INFO] IPUIPlugin:80 - create IPUIPlugin
2025-03-22 00:12:41,507 [INFO] PluginManager:220 - loadIPPluginJar : add dma
2025-03-22 00:12:41,511 [INFO] IPUIPlugin:80 - create IPUIPlugin
2025-03-22 00:12:41,512 [INFO] PluginManager:220 - loadIPPluginJar : add dma3
2025-03-22 00:12:41,518 [INFO] IPUIPlugin:80 - create IPUIPlugin
2025-03-22 00:12:41,518 [INFO] PluginManager:220 - loadIPPluginJar : add extmemmanager
2025-03-22 00:12:41,522 [INFO] IPUIPlugin:80 - create IPUIPlugin
2025-03-22 00:12:41,523 [INFO] PluginManager:220 - loadIPPluginJar : add fatfs
2025-03-22 00:12:41,533 [INFO] IPUIPlugin:80 - create IPUIPlugin
2025-03-22 00:12:41,533 [INFO] PluginManager:220 - loadIPPluginJar : add fmc
2025-03-22 00:12:41,544 [INFO] IPUIPlugin:80 - create IPUIPlugin
2025-03-22 00:12:41,544 [INFO] PluginManager:220 - loadIPPluginJar : add freertos
2025-03-22 00:12:41,548 [INFO] IPUIPlugin:80 - create IPUIPlugin
2025-03-22 00:12:41,548 [INFO] PluginManager:220 - loadIPPluginJar : add genericplugin
2025-03-22 00:12:41,554 [INFO] IPUIPlugin:80 - create IPUIPlugin
2025-03-22 00:12:41,555 [INFO] PluginManager:220 - loadIPPluginJar : add gfxmmu
2025-03-22 00:12:41,566 [INFO] IPUIPlugin:80 - create IPUIPlugin
2025-03-22 00:12:41,567 [INFO] PluginManager:220 - loadIPPluginJar : add gic
2025-03-22 00:12:41,575 [INFO] IPUIPlugin:80 - create IPUIPlugin
2025-03-22 00:12:41,576 [INFO] PluginManager:220 - loadIPPluginJar : add gpio
2025-03-22 00:12:41,581 [INFO] IPUIPlugin:80 - create IPUIPlugin
2025-03-22 00:12:41,582 [INFO] PluginManager:220 - loadIPPluginJar : add gtzc
2025-03-22 00:12:41,588 [INFO] IPUIPlugin:80 - create IPUIPlugin
2025-03-22 00:12:41,588 [INFO] PluginManager:220 - loadIPPluginJar : add hash
2025-03-22 00:12:41,594 [INFO] IPUIPlugin:80 - create IPUIPlugin
2025-03-22 00:12:41,595 [INFO] PluginManager:220 - loadIPPluginJar : add i2c
2025-03-22 00:12:41,600 [INFO] IPUIPlugin:80 - create IPUIPlugin
2025-03-22 00:12:41,601 [INFO] PluginManager:220 - loadIPPluginJar : add i2s
2025-03-22 00:12:41,607 [INFO] IPUIPlugin:80 - create IPUIPlugin
2025-03-22 00:12:41,607 [INFO] PluginManager:220 - loadIPPluginJar : add i3c
2025-03-22 00:12:41,615 [INFO] IPUIPlugin:80 - create IPUIPlugin
2025-03-22 00:12:41,615 [INFO] PluginManager:220 - loadIPPluginJar : add ipddr
2025-03-22 00:12:41,630 [INFO] IPUIPlugin:80 - create IPUIPlugin
2025-03-22 00:12:41,631 [INFO] PluginManager:220 - loadIPPluginJar : add linkedlist
2025-03-22 00:12:41,637 [INFO] IPUIPlugin:80 - create IPUIPlugin
2025-03-22 00:12:41,637 [INFO] PluginManager:220 - loadIPPluginJar : add lorawan
2025-03-22 00:12:41,640 [INFO] IPUIPlugin:80 - create IPUIPlugin
2025-03-22 00:12:41,640 [INFO] PluginManager:220 - loadIPPluginJar : add ltdc
2025-03-22 00:12:41,651 [INFO] IPUIPlugin:80 - create IPUIPlugin
2025-03-22 00:12:41,652 [INFO] PluginManager:220 - loadIPPluginJar : add mdma
2025-03-22 00:12:41,662 [INFO] IPUIPlugin:80 - create IPUIPlugin
2025-03-22 00:12:41,662 [INFO] PluginManager:220 - loadIPPluginJar : add nvic
2025-03-22 00:12:41,668 [INFO] IPUIPlugin:80 - create IPUIPlugin
2025-03-22 00:12:41,668 [INFO] PluginManager:220 - loadIPPluginJar : add opamp
2025-03-22 00:12:41,675 [INFO] IPUIPlugin:80 - create IPUIPlugin
2025-03-22 00:12:41,675 [INFO] PluginManager:220 - loadIPPluginJar : add openamp
2025-03-22 00:12:41,682 [INFO] IPUIPlugin:80 - create IPUIPlugin
2025-03-22 00:12:41,682 [INFO] PluginManager:220 - loadIPPluginJar : add pdm2pcm
2025-03-22 00:12:41,695 [INFO] IPUIPlugin:80 - create IPUIPlugin
2025-03-22 00:12:41,701 [INFO] PluginManager:220 - loadIPPluginJar : add plateformsettings
2025-03-22 00:12:41,706 [INFO] IPUIPlugin:80 - create IPUIPlugin
2025-03-22 00:12:41,707 [INFO] PluginManager:220 - loadIPPluginJar : add quadspi
2025-03-22 00:12:41,714 [INFO] IPUIPlugin:80 - create IPUIPlugin
2025-03-22 00:12:41,716 [INFO] PluginManager:220 - loadIPPluginJar : add radio
2025-03-22 00:12:41,725 [INFO] IPUIPlugin:80 - create IPUIPlugin
2025-03-22 00:12:41,725 [INFO] PluginManager:220 - loadIPPluginJar : add resmgrutility
2025-03-22 00:12:41,733 [INFO] IPUIPlugin:80 - create IPUIPlugin
2025-03-22 00:12:41,735 [INFO] PluginManager:220 - loadIPPluginJar : add sai
2025-03-22 00:12:41,739 [INFO] IPUIPlugin:80 - create IPUIPlugin
2025-03-22 00:12:41,739 [INFO] PluginManager:220 - loadIPPluginJar : add spi
2025-03-22 00:12:41,751 [INFO] IPUIPlugin:80 - create IPUIPlugin
2025-03-22 00:12:41,752 [INFO] PluginManager:220 - loadIPPluginJar : add stm32_wpan
2025-03-22 00:12:41,757 [INFO] IPUIPlugin:80 - create IPUIPlugin
2025-03-22 00:12:41,757 [INFO] PluginManager:220 - loadIPPluginJar : add tim
2025-03-22 00:12:41,766 [INFO] IPUIPlugin:80 - create IPUIPlugin
2025-03-22 00:12:41,767 [INFO] PluginManager:220 - loadIPPluginJar : add touchsensing
2025-03-22 00:12:41,771 [INFO] IPUIPlugin:80 - create IPUIPlugin
2025-03-22 00:12:41,771 [INFO] PluginManager:220 - loadIPPluginJar : add tracer_emb
2025-03-22 00:12:41,778 [INFO] IPUIPlugin:80 - create IPUIPlugin
2025-03-22 00:12:41,779 [INFO] PluginManager:220 - loadIPPluginJar : add ts
2025-03-22 00:12:41,783 [INFO] IPUIPlugin:80 - create IPUIPlugin
2025-03-22 00:12:41,783 [INFO] PluginManager:220 - loadIPPluginJar : add tsc
2025-03-22 00:12:41,787 [INFO] IPUIPlugin:80 - create IPUIPlugin
2025-03-22 00:12:41,788 [INFO] PluginManager:220 - loadIPPluginJar : add ucpd
2025-03-22 00:12:41,794 [INFO] IPUIPlugin:80 - create IPUIPlugin
2025-03-22 00:12:41,795 [INFO] PluginManager:220 - loadIPPluginJar : add usart
2025-03-22 00:12:41,801 [INFO] IPUIPlugin:80 - create IPUIPlugin
2025-03-22 00:12:41,802 [INFO] PluginManager:220 - loadIPPluginJar : add usbx
2025-03-22 00:12:42,027 [FATAL] Updater:351 - Updater called before beeing initialized
2025-03-22 00:12:42,090 [INFO] RulesReader:64 - Compatibility file has been processed (301 Rules)
2025-03-22 00:12:42,111 [INFO] RulesReader:64 - Compatibility file has been processed (301 Rules)
2025-03-22 00:12:42,129 [INFO] CADModel:165 - CPN selected for project level
2025-03-22 00:12:42,129 [INFO] CADModel:114 - Register for checkConnection events
2025-03-22 00:12:42,130 [FATAL] Updater:351 - Updater called before beeing initialized
2025-03-22 00:12:42,130 [ERROR] CADModel:125 - Updater not yet initialized, retry later 
2025-03-22 00:12:42,534 [FATAL] Updater:351 - Updater called before beeing initialized
2025-03-22 00:12:42,538 [INFO] CADModel:165 - CPN selected for project level
2025-03-22 00:12:42,538 [INFO] CADModel:114 - Register for checkConnection events
2025-03-22 00:12:42,539 [FATAL] Updater:351 - Updater called before beeing initialized
2025-03-22 00:12:42,539 [ERROR] CADModel:125 - Updater not yet initialized, retry later 
2025-03-22 00:12:42,547 [FATAL] Updater:351 - Updater called before beeing initialized
2025-03-22 00:12:42,827 [FATAL] Updater:351 - Updater called before beeing initialized
2025-03-22 00:12:42,838 [INFO] DbMcusAds:53 - JSON generation date=Thu Mar 06 15:54:21 CET 2025 (1741272861825)
2025-03-22 00:12:42,838 [FATAL] Updater:351 - Updater called before beeing initialized
2025-03-22 00:12:42,910 [WARN] DetailPanel:346 - Failed to get advertising image, set to default
2025-03-22 00:12:43,414 [FATAL] Updater:351 - Updater called before beeing initialized
2025-03-22 00:12:43,418 [FATAL] Updater:351 - Updater called before beeing initialized
2025-03-22 00:12:43,418 [FATAL] Updater:351 - Updater called before beeing initialized
2025-03-22 00:12:43,418 [WARN] DetailPanel:346 - Failed to get advertising image, set to default
2025-03-22 00:12:43,421 [FATAL] Updater:351 - Updater called before beeing initialized
2025-03-22 00:12:43,551 [ERROR] Updater:1198 - MainUpdater not yet initialized. External WinMGr cannot be set.
2025-03-22 00:12:43,555 [INFO] Updater:1134 - Updater Version found : 6.14.0
2025-03-22 00:12:43,564 [INFO] ThirdPartyUpdaterWithRetryManager:70 - Updater plugin not ready yet. [2/15]
2025-03-22 00:12:43,598 [INFO] ApplicationProperties:184 - Using Application install path: C:\ST\STM32CubeIDE_1.16.0\STM32CubeIDE\plugins\com.st.stm32cube.common.mx_6.14.0.202502271554
2025-03-22 00:12:45,186 [ERROR] LogOutputStream:75 - [STDERR_REDIRECT] Mar 22, 2025 12:12:45 AM java.util.prefs.WindowsPreferences <init>
2025-03-22 00:12:45,192 [ERROR] LogOutputStream:75 - [STDERR_REDIRECT] WARNING: Could not open/create prefs root node Software\JavaSoft\Prefs at root 0xffffffff80000002. Windows RegCreateKeyEx(...) returned error code 5.
2025-03-22 00:12:45,193 [ERROR] LogOutputStream:75 - [STDERR_REDIRECT] 
2025-03-22 00:12:45,717 [INFO] MainUpdater:2872 - connection check result : 10
2025-03-22 00:12:45,718 [INFO] MainUpdater:289 - Updater Check For Update Now.
2025-03-22 00:12:45,719 [INFO] MicroXplorer:498 - Change Database Version : DB.6.0.140
2025-03-22 00:12:45,736 [INFO] McuFinderGlobals:63 - Set McuFinder mode to 2 (CubeIDE integrated)
2025-03-22 00:12:45,738 [INFO] UserAuth:486 - Internet connection configuration mode: 1
2025-03-22 00:12:45,787 [INFO] JxBrowserEngine:152 - Initiate JxBrowser Engine with user profile folder
2025-03-22 00:12:45,991 [INFO] CheckServerUpdateThread:120 - End of CheckServer Thread
2025-03-22 00:12:47,119 [WARN] PackLoader:240 - Cannot read IP mode file for STMicroelectronics.FP-SNS-MOTENVWB1.1.4.0
2025-03-22 00:12:47,137 [WARN] PackLoader:240 - Cannot read IP mode file for STMicroelectronics.FP-ATR-ASTRA1.2.0.2
2025-03-22 00:12:47,160 [WARN] PackLoader:240 - Cannot read IP mode file for STMicroelectronics.X-CUBE-SMBUS.2.1.0
2025-03-22 00:12:47,178 [WARN] PackLoader:240 - Cannot read IP mode file for STMicroelectronics.X-CUBE-WB05N.1.1.0
2025-03-22 00:12:47,253 [WARN] PackLoader:240 - Cannot read IP mode file for STMicroelectronics.X-CUBE-AZRTOS-F7.1.1.0
2025-03-22 00:12:47,396 [WARN] PackLoader:240 - Cannot read IP mode file for STMicroelectronics.X-CUBE-MEMS1.11.0.0
2025-03-22 00:12:47,705 [WARN] PackLoader:240 - Cannot read IP mode file for STMicroelectronics.FP-SNS-FLIGHT1.5.0.2
2025-03-22 00:12:47,719 [WARN] PackLoader:240 - Cannot read IP mode file for STMicroelectronics.X-CUBE-DISPLAY.3.0.0
2025-03-22 00:12:47,736 [WARN] PackLoader:240 - Cannot read IP mode file for STMicroelectronics.X-CUBE-BLE1.7.0.0
2025-03-22 00:12:47,748 [WARN] PackLoader:240 - Cannot read IP mode file for STMicroelectronics.X-CUBE-NFC10.1.0.0
2025-03-22 00:12:47,772 [WARN] PackLoader:240 - Cannot read IP mode file for STMicroelectronics.X-CUBE-BLEMGR.4.0.0
2025-03-22 00:12:47,788 [WARN] PackLoader:240 - Cannot read IP mode file for emotas.I-CUBE-CANOPEN.1.3.0
2025-03-22 00:12:47,805 [WARN] PackLoader:240 - Cannot read IP mode file for STMicroelectronics.X-CUBE-BLEMGR.3.1.0
2025-03-22 00:12:47,817 [WARN] PackLoader:240 - Cannot read IP mode file for STMicroelectronics.X-CUBE-AI.10.0.0
2025-03-22 00:12:47,826 [WARN] PackLoader:240 - Cannot read IP mode file for STMicroelectronics.FP-SNS-SMARTAG2.1.2.0
2025-03-22 00:12:47,834 [WARN] PackLoader:240 - Cannot read IP mode file for STMicroelectronics.FP-SNS-FLIGHT1.5.1.0
2025-03-22 00:12:47,927 [WARN] PackLoader:240 - Cannot read IP mode file for STMicroelectronics.X-CUBE-MEMS1.11.1.0
2025-03-22 00:12:48,118 [INFO] WebApp:169 - Instantiating new browser for Auth
2025-03-22 00:12:48,341 [INFO] LogOutputStream:77 - [STDOUT_REDIRECT] 1 : Invalid condition id : UX_CORESTACK_Condition cause : null
2025-03-22 00:12:48,343 [INFO] LogOutputStream:77 - [STDOUT_REDIRECT] 1 : Invalid condition id : UX_CORESTACK_Condition cause : null
2025-03-22 00:12:48,346 [INFO] LogOutputStream:77 - [STDOUT_REDIRECT] 1 : Invalid condition id : UX_CORESTACK_Condition cause : null
2025-03-22 00:12:48,350 [INFO] LogOutputStream:77 - [STDOUT_REDIRECT] 1 : Invalid condition id : UX_CORESTACK_Condition cause : null
2025-03-22 00:12:48,352 [INFO] LogOutputStream:77 - [STDOUT_REDIRECT] 1 : Invalid condition id : UX_CORESTACK_Condition cause : null
2025-03-22 00:12:48,359 [WARN] PackLoader:240 - Cannot read IP mode file for STMicroelectronics.X-CUBE-AZRTOS-WL.2.0.0
2025-03-22 00:12:48,378 [WARN] PackLoader:240 - Cannot read IP mode file for STMicroelectronics.FP-SNS-MOTENV1.5.0.0
2025-03-22 00:12:48,391 [WARN] PackLoader:240 - Cannot read IP mode file for wolfSSL.I-CUBE-wolfMQTT.1.19.0
2025-03-22 00:12:48,408 [WARN] PackLoader:240 - Cannot read IP mode file for WES.I-CUBE-Cesium.1.3.0
2025-03-22 00:12:48,416 [WARN] PackLoader:240 - Cannot read IP mode file for STMicroelectronics.X-CUBE-BLE2.3.3.0
2025-03-22 00:12:48,430 [WARN] PackLoader:240 - Cannot read IP mode file for STMicroelectronics.X-CUBE-NFC9.1.0.0
2025-03-22 00:12:48,442 [WARN] PackLoader:240 - Cannot read IP mode file for STMicroelectronics.X-CUBE-BLE1.7.1.0
2025-03-22 00:12:48,454 [WARN] PackLoader:240 - Cannot read IP mode file for STMicroelectronics.X-CUBE-TCPP.4.1.0
2025-03-22 00:12:48,489 [WARN] PackLoader:240 - Cannot read IP mode file for STMicroelectronics.X-CUBE-AZRTOS-G0.1.1.0
2025-03-22 00:12:48,507 [WARN] PackLoader:240 - Cannot read IP mode file for STMicroelectronics.X-CUBE-SAFEA1.1.2.2
2025-03-22 00:12:48,522 [WARN] PackLoader:240 - Cannot read IP mode file for STMicroelectronics.X-CUBE-NFC4.3.0.0
2025-03-22 00:12:48,544 [WARN] PackLoader:240 - Cannot read IP mode file for EmbeddedOffice.I-CUBE-FS-RTOS.1.0.1
2025-03-22 00:12:48,559 [WARN] PackLoader:240 - Cannot read IP mode file for STMicroelectronics.X-CUBE-TCPP.4.2.0
2025-03-22 00:12:48,575 [WARN] PackLoader:240 - Cannot read IP mode file for RealThread.X-CUBE-RT-Thread_Nano.4.1.1
2025-03-22 00:12:48,585 [WARN] PackLoader:240 - Cannot read IP mode file for STMicroelectronics.FP-ATR-SIGFOX1.3.2.0
2025-03-22 00:12:48,604 [WARN] PackLoader:240 - Cannot read IP mode file for wolfSSL.I-CUBE-wolfSSL.5.7.2
2025-03-22 00:12:48,615 [WARN] ConditionMgr:438 - getConditionDescription Invalid condition id : Cortex-A Device cause : null
2025-03-22 00:12:48,647 [WARN] ConditionMgr:1044 - genDependencies : Invalid condition id : Cortex-A Device cause : null
2025-03-22 00:12:48,648 [WARN] ConditionMgr:1044 - genDependencies : Invalid condition id : Cortex-A Device cause : null
2025-03-22 00:12:48,648 [WARN] ConditionMgr:1044 - genDependencies : Invalid condition id : Cortex-A Device cause : null
2025-03-22 00:12:48,660 [WARN] PackLoader:240 - Cannot read IP mode file for STMicroelectronics.X-CUBE-EEPRMA1.5.1.0
2025-03-22 00:12:48,685 [WARN] PackLoader:240 - Cannot read IP mode file for ITTIA_DB.I-CUBE-ITTIADB.8.9.0
2025-03-22 00:12:48,731 [WARN] PackLoader:240 - Cannot read IP mode file for SEGGER.I-CUBE-embOS.1.3.1
2025-03-22 00:12:48,804 [WARN] PackLoader:240 - Cannot read IP mode file for STMicroelectronics.X-CUBE-ALGOBUILD.1.4.0
2025-03-22 00:12:48,811 [WARN] PackLoader:240 - Cannot read IP mode file for STMicroelectronics.X-CUBE-AI.9.1.0
2025-03-22 00:12:48,821 [WARN] PackLoader:240 - Cannot read IP mode file for STMicroelectronics.X-CUBE-GNSS1.6.0.0
2025-03-22 00:12:48,849 [WARN] PackLoader:240 - Cannot read IP mode file for STMicroelectronics.X-CUBE-AZRTOS-F4.1.1.0
2025-03-22 00:12:48,861 [WARN] PackLoader:240 - Cannot read IP mode file for STMicroelectronics.X-CUBE-ISPU.2.1.0
2025-03-22 00:12:48,870 [WARN] PackLoader:240 - Cannot read IP mode file for STMicroelectronics.X-CUBE-FREERTOS.1.2.0
2025-03-22 00:12:48,900 [WARN] PackLoader:240 - Cannot read IP mode file for STMicroelectronics.X-CUBE-AZRTOS-L5.2.0.0
2025-03-22 00:12:48,917 [WARN] PackLoader:240 - Cannot read IP mode file for STMicroelectronics.X-CUBE-NFC6.3.1.0
2025-03-22 00:12:48,931 [WARN] PackLoader:240 - Cannot read IP mode file for STMicroelectronics.X-CUBE-DPower.1.2.0
2025-03-22 00:12:48,939 [WARN] PackLoader:240 - Cannot read IP mode file for STMicroelectronics.X-CUBE-AI.9.0.0
2025-03-22 00:12:48,947 [WARN] PackLoader:240 - Cannot read IP mode file for STMicroelectronics.X-CUBE-FREERTOS.1.3.0
2025-03-22 00:12:48,960 [WARN] PackLoader:240 - Cannot read IP mode file for STMicroelectronics.X-CUBE-NFC7.1.0.1
2025-03-22 00:12:48,968 [WARN] PackLoader:240 - Cannot read IP mode file for wolfSSL.I-CUBE-wolfTPM.3.2.0
2025-03-22 00:12:48,996 [WARN] ConditionMgr:438 - getConditionDescription Invalid condition id : LAN8742 Phy interface Condition cause : null
2025-03-22 00:12:48,997 [WARN] PackLoader:240 - Cannot read IP mode file for STMicroelectronics.X-CUBE-AZRTOS-L4.2.0.0
2025-03-22 00:12:48,999 [WARN] ConditionMgr:1044 - genDependencies : Invalid condition id : LAN8742 Phy interface Condition cause : null
2025-03-22 00:12:48,999 [WARN] ConditionMgr:1044 - genDependencies : Invalid condition id : LAN8742 Phy interface Condition cause : null
2025-03-22 00:12:49,000 [WARN] ConditionMgr:1044 - genDependencies : Invalid condition id : LAN8742 Phy interface Condition cause : null
2025-03-22 00:12:49,013 [WARN] PackLoader:240 - Cannot read IP mode file for STMicroelectronics.X-CUBE-SFXS2LP1.4.0.0
2025-03-22 00:12:49,049 [WARN] PackLoader:240 - Cannot read IP mode file for STMicroelectronics.X-CUBE-AZRTOS-H7.3.3.0
2025-03-22 00:12:49,082 [WARN] PackLoader:240 - Cannot read IP mode file for STMicroelectronics.X-CUBE-IPS.3.0.0
2025-03-22 00:12:49,111 [WARN] ConditionMgr:438 - getConditionDescription Invalid condition id : UX DEVICE CLASS RTOS Condition cause : null
2025-03-22 00:12:49,111 [WARN] ConditionMgr:438 - getConditionDescription Invalid condition id : UX DEVICE CLASS RTOS Condition cause : null
2025-03-22 00:12:49,115 [WARN] PackLoader:240 - Cannot read IP mode file for STMicroelectronics.X-CUBE-AZRTOS-WB.2.0.0
2025-03-22 00:12:49,116 [WARN] ConditionMgr:1044 - genDependencies : Invalid condition id : UX DEVICE CLASS RTOS Condition cause : null
2025-03-22 00:12:49,117 [WARN] ConditionMgr:1044 - genDependencies : Invalid condition id : UX DEVICE CLASS RTOS Condition cause : null
2025-03-22 00:12:49,118 [WARN] ConditionMgr:1044 - genDependencies : Invalid condition id : UX DEVICE CLASS RTOS Condition cause : null
2025-03-22 00:12:49,119 [WARN] ConditionMgr:1044 - genDependencies : Invalid condition id : UX DEVICE CLASS RTOS Condition cause : null
2025-03-22 00:12:49,119 [WARN] ConditionMgr:1044 - genDependencies : Invalid condition id : UX DEVICE CLASS RTOS Condition cause : null
2025-03-22 00:12:49,129 [WARN] PackLoader:240 - Cannot read IP mode file for STMicroelectronics.X-CUBE-GNSS1.7.0.0
2025-03-22 00:12:49,138 [WARN] PackLoader:240 - Cannot read IP mode file for STMicroelectronics.X-CUBE-GNSS1.7.0.1
2025-03-22 00:12:49,151 [WARN] PackLoader:240 - Cannot read IP mode file for STMicroelectronics.X-CUBE-TOUCHGFX.4.25.0
2025-03-22 00:12:49,164 [WARN] PackLoader:240 - Cannot read IP mode file for STMicroelectronics.FP-SNS-STBOX1.2.0.0
2025-03-22 00:12:49,184 [WARN] PackLoader:240 - Cannot read IP mode file for STMicroelectronics.X-CUBE-SUBG2.5.0.0
2025-03-22 00:12:49,222 [WARN] PackLoader:240 - Cannot read IP mode file for STMicroelectronics.X-CUBE-AZRTOS-H7RS.1.1.0
2025-03-22 00:12:49,233 [WARN] PackLoader:240 - Cannot read IP mode file for Cesanta.I-CUBE-Mongoose.7.13.0
2025-03-22 00:12:49,258 [WARN] PackLoader:240 - Cannot read IP mode file for STMicroelectronics.X-CUBE-AZRTOS-G4.2.0.0
2025-03-22 00:12:49,267 [WARN] PackLoader:240 - Cannot read IP mode file for STMicroelectronics.X-CUBE-ISPU.2.0.0
2025-03-22 00:12:49,288 [WARN] PackLoader:240 - Cannot read IP mode file for STMicroelectronics.X-CUBE-IPS.3.1.0
2025-03-22 00:12:49,307 [WARN] PackLoader:240 - Cannot read IP mode file for STMicroelectronics.X-CUBE-ALS.1.0.2
2025-03-22 00:12:49,376 [WARN] PackLoader:240 - Cannot read IP mode file for STMicroelectronics.X-CUBE-MEMS1.10.0.0
2025-03-22 00:12:49,602 [WARN] PackLoader:240 - Cannot read IP mode file for STMicroelectronics.X-CUBE-TOUCHGFX.4.24.0
2025-03-22 00:12:49,609 [WARN] PackLoader:240 - Cannot read IP mode file for STMicroelectronics.X-CUBE-TOUCHGFX.4.24.2
2025-03-22 00:12:49,616 [WARN] PackLoader:240 - Cannot read IP mode file for STMicroelectronics.X-CUBE-TOUCHGFX.4.24.1
2025-03-22 00:12:49,627 [WARN] PackLoader:240 - Cannot read IP mode file for portGmbH.I-Cube-SoM-uGOAL.1.1.0
2025-03-22 00:12:49,659 [WARN] PackLoader:240 - Cannot read IP mode file for STMicroelectronics.X-CUBE-AZRTOS-H7RS.1.0.0
2025-03-22 00:12:49,673 [WARN] PackLoader:240 - Cannot read IP mode file for STMicroelectronics.FP-ATR-ASTRA1.2.0.0
2025-03-22 00:12:49,691 [WARN] PackLoader:240 - Cannot read IP mode file for STMicroelectronics.X-CUBE-TOF1.3.4.2
2025-03-22 00:12:49,772 [WARN] PackLoader:240 - Cannot read IP mode file for Infineon.AIROC-Wi-Fi-Bluetooth-STM32.1.6.1
2025-03-22 00:12:49,789 [WARN] PackLoader:240 - Cannot read IP mode file for wolfSSL.I-CUBE-wolfSSH.1.4.17
2025-03-22 00:12:49,791 [INFO] ThirdParty:978 - Integrity check success = true
2025-03-22 00:12:49,792 [INFO] IntegrityCheckThread:100 - exiting critical section [integrity check]
2025-03-22 00:12:49,792 [INFO] IntegrityCheckThread:103 - End integrity checks thread
2025-03-22 00:12:51,324 [INFO] WebApp:463 - Apply proxy settings
2025-03-22 00:12:51,333 [INFO] WebApp:548 - Chromium requires no authentication
2025-03-22 00:12:51,404 [INFO] WebApp:491 - Direct internet connection detected
2025-03-22 00:12:51,526 [INFO] WebApp:894 - Register for checkConnection events
2025-03-22 00:12:51,527 [INFO] WebApp:463 - Apply proxy settings
2025-03-22 00:12:51,527 [INFO] WebApp:548 - Chromium requires no authentication
2025-03-22 00:12:51,529 [INFO] WebApp:491 - Direct internet connection detected
2025-03-22 00:12:51,766 [INFO] WebApp:191 - Connection restablished
